
*** Running vivado
    with args -log Wrapper.vds -m64 -product Vivado -mode batch -messageDb vivado.pb -notrace -source Wrapper.tcl



****** Vivado v2020.1 (64-bit)
  **** SW Build 2902540 on Wed May 27 19:54:49 MDT 2020
  **** IP Build 2902112 on Wed May 27 22:43:36 MDT 2020
    ** Copyright 1986-2020 Xilinx, Inc. All Rights Reserved.

source Wrapper.tcl -notrace
Command: synth_design -top Wrapper -part xc7a100tcsg324-1
Starting synth_design
Attempting to get a license for feature 'Synthesis' and/or device 'xc7a100t'
INFO: [Common 17-349] Got license for feature 'Synthesis' and/or device 'xc7a100t'
INFO: [Device 21-403] Loading part xc7a100tcsg324-1
INFO: [Synth 8-7079] Multithreading enabled for synth_design using a maximum of 2 processes.
INFO: [Synth 8-7078] Launching helper process for spawning children vivado processes
INFO: [Synth 8-7075] Helper process launched with PID 3284
WARNING: [Synth 8-6901] identifier 'isMultDiv' is used before its declaration [C:/Users/rrwth/OneDrive/Documents/College/ECE350/Checkpoints/processor/processor.v:78]
WARNING: [Synth 8-6901] identifier 'multDivReady' is used before its declaration [C:/Users/rrwth/OneDrive/Documents/College/ECE350/Checkpoints/processor/processor.v:78]
WARNING: [Synth 8-6901] identifier 'bypassedA' is used before its declaration [C:/Users/rrwth/OneDrive/Documents/College/ECE350/Checkpoints/processor/processor.v:86]
WARNING: [Synth 8-6901] identifier 'latchXM_O' is used before its declaration [C:/Users/rrwth/OneDrive/Documents/College/ECE350/Checkpoints/processor/processor.v:140]
WARNING: [Synth 8-6901] identifier 'writebackShouldWriteReg' is used before its declaration [C:/Users/rrwth/OneDrive/Documents/College/ECE350/Checkpoints/processor/processor.v:141]
WARNING: [Synth 8-6901] identifier 'latchXM_O' is used before its declaration [C:/Users/rrwth/OneDrive/Documents/College/ECE350/Checkpoints/processor/processor.v:142]
WARNING: [Synth 8-6901] identifier 'writebackShouldWriteReg' is used before its declaration [C:/Users/rrwth/OneDrive/Documents/College/ECE350/Checkpoints/processor/processor.v:143]
WARNING: [Synth 8-6901] identifier 'writebackShouldWriteReg' is used before its declaration [C:/Users/rrwth/OneDrive/Documents/College/ECE350/Checkpoints/processor/processor.v:191]
WARNING: [Synth 8-6901] identifier 'SD_responseBuffer' is used before its declaration [C:/Users/rrwth/OneDrive/Documents/College/ECE350/Checkpoints/processor/MemoryMap.v:46]
WARNING: [Synth 8-6901] identifier 'startPulse' is used before its declaration [C:/Users/rrwth/OneDrive/Documents/College/ECE350/Checkpoints/processor/SDController.v:34]
WARNING: [Synth 8-6901] identifier 'cmdBuffer' is used before its declaration [C:/Users/rrwth/OneDrive/Documents/College/ECE350/Checkpoints/processor/SDController.v:38]
---------------------------------------------------------------------------------
Starting RTL Elaboration : Time (s): cpu = 00:00:05 ; elapsed = 00:00:05 . Memory (MB): peak = 1013.113 ; gain = 0.000
---------------------------------------------------------------------------------
INFO: [Synth 8-6157] synthesizing module 'Wrapper' [C:/Users/rrwth/OneDrive/Documents/College/ECE350/Checkpoints/processor/Wrapper.v:27]
	Parameter INSTR_FILE bound to: program - type: string 
	Parameter TAS_FILE bound to: 1A - type: string 
INFO: [Synth 8-6157] synthesizing module 'processor' [C:/Users/rrwth/OneDrive/Documents/College/ECE350/Checkpoints/processor/processor.v:20]
INFO: [Synth 8-6157] synthesizing module 'register32' [C:/Users/rrwth/OneDrive/Documents/College/ECE350/Checkpoints/processor/register.v:21]
INFO: [Synth 8-6157] synthesizing module 'dffe_ref' [C:/Users/rrwth/OneDrive/Documents/College/ECE350/Checkpoints/processor/dffe_ref.v:1]
INFO: [Synth 8-6155] done synthesizing module 'dffe_ref' (1#1) [C:/Users/rrwth/OneDrive/Documents/College/ECE350/Checkpoints/processor/dffe_ref.v:1]
INFO: [Synth 8-6155] done synthesizing module 'register32' (2#1) [C:/Users/rrwth/OneDrive/Documents/College/ECE350/Checkpoints/processor/register.v:21]
INFO: [Synth 8-6157] synthesizing module 'cla' [C:/Users/rrwth/OneDrive/Documents/College/ECE350/Checkpoints/processor/cla.v:1]
INFO: [Synth 8-6157] synthesizing module 'cla_block' [C:/Users/rrwth/OneDrive/Documents/College/ECE350/Checkpoints/processor/cla.v:34]
INFO: [Synth 8-6155] done synthesizing module 'cla_block' (3#1) [C:/Users/rrwth/OneDrive/Documents/College/ECE350/Checkpoints/processor/cla.v:34]
INFO: [Synth 8-6155] done synthesizing module 'cla' (4#1) [C:/Users/rrwth/OneDrive/Documents/College/ECE350/Checkpoints/processor/cla.v:1]
INFO: [Synth 8-6157] synthesizing module 'register5' [C:/Users/rrwth/OneDrive/Documents/College/ECE350/Checkpoints/processor/register.v:1]
INFO: [Synth 8-6155] done synthesizing module 'register5' (5#1) [C:/Users/rrwth/OneDrive/Documents/College/ECE350/Checkpoints/processor/register.v:1]
INFO: [Synth 8-6157] synthesizing module 'alu' [C:/Users/rrwth/OneDrive/Documents/College/ECE350/Checkpoints/processor/alu.v:1]
INFO: [Synth 8-6157] synthesizing module 'ShiftLeftLogical' [C:/Users/rrwth/OneDrive/Documents/College/ECE350/Checkpoints/processor/shift.v:1]
INFO: [Synth 8-6155] done synthesizing module 'ShiftLeftLogical' (6#1) [C:/Users/rrwth/OneDrive/Documents/College/ECE350/Checkpoints/processor/shift.v:1]
INFO: [Synth 8-6157] synthesizing module 'ShiftRightArithmetic' [C:/Users/rrwth/OneDrive/Documents/College/ECE350/Checkpoints/processor/shift.v:16]
INFO: [Synth 8-6155] done synthesizing module 'ShiftRightArithmetic' (7#1) [C:/Users/rrwth/OneDrive/Documents/College/ECE350/Checkpoints/processor/shift.v:16]
INFO: [Synth 8-6157] synthesizing module 'mux8' [C:/Users/rrwth/OneDrive/Documents/College/ECE350/Checkpoints/processor/mux.v:37]
INFO: [Synth 8-6157] synthesizing module 'mux4' [C:/Users/rrwth/OneDrive/Documents/College/ECE350/Checkpoints/processor/mux.v:15]
INFO: [Synth 8-6157] synthesizing module 'mux2' [C:/Users/rrwth/OneDrive/Documents/College/ECE350/Checkpoints/processor/mux.v:1]
INFO: [Synth 8-6155] done synthesizing module 'mux2' (8#1) [C:/Users/rrwth/OneDrive/Documents/College/ECE350/Checkpoints/processor/mux.v:1]
INFO: [Synth 8-6155] done synthesizing module 'mux4' (9#1) [C:/Users/rrwth/OneDrive/Documents/College/ECE350/Checkpoints/processor/mux.v:15]
INFO: [Synth 8-6155] done synthesizing module 'mux8' (10#1) [C:/Users/rrwth/OneDrive/Documents/College/ECE350/Checkpoints/processor/mux.v:37]
INFO: [Synth 8-6155] done synthesizing module 'alu' (11#1) [C:/Users/rrwth/OneDrive/Documents/College/ECE350/Checkpoints/processor/alu.v:1]
INFO: [Synth 8-6157] synthesizing module 'multdiv' [C:/Users/rrwth/OneDrive/Documents/College/ECE350/Checkpoints/processor/multdiv.v:1]
INFO: [Synth 8-6157] synthesizing module 'not32' [C:/Users/rrwth/OneDrive/Documents/College/ECE350/Checkpoints/processor/big_gates.v:1]
INFO: [Synth 8-6155] done synthesizing module 'not32' (12#1) [C:/Users/rrwth/OneDrive/Documents/College/ECE350/Checkpoints/processor/big_gates.v:1]
INFO: [Synth 8-6157] synthesizing module 'counter6' [C:/Users/rrwth/OneDrive/Documents/College/ECE350/Checkpoints/processor/counter.v:1]
INFO: [Synth 8-6157] synthesizing module 'tff' [C:/Users/rrwth/OneDrive/Documents/College/ECE350/Checkpoints/processor/counter.v:45]
INFO: [Synth 8-6155] done synthesizing module 'tff' (13#1) [C:/Users/rrwth/OneDrive/Documents/College/ECE350/Checkpoints/processor/counter.v:45]
INFO: [Synth 8-6155] done synthesizing module 'counter6' (14#1) [C:/Users/rrwth/OneDrive/Documents/College/ECE350/Checkpoints/processor/counter.v:1]
INFO: [Synth 8-6155] done synthesizing module 'multdiv' (15#1) [C:/Users/rrwth/OneDrive/Documents/College/ECE350/Checkpoints/processor/multdiv.v:1]
INFO: [Synth 8-6157] synthesizing module 'mux8_1b' [C:/Users/rrwth/OneDrive/Documents/College/ECE350/Checkpoints/processor/mux.v:48]
INFO: [Synth 8-6157] synthesizing module 'mux4_1b' [C:/Users/rrwth/OneDrive/Documents/College/ECE350/Checkpoints/processor/mux.v:26]
INFO: [Synth 8-6157] synthesizing module 'mux2_1b' [C:/Users/rrwth/OneDrive/Documents/College/ECE350/Checkpoints/processor/mux.v:8]
INFO: [Synth 8-6155] done synthesizing module 'mux2_1b' (16#1) [C:/Users/rrwth/OneDrive/Documents/College/ECE350/Checkpoints/processor/mux.v:8]
INFO: [Synth 8-6155] done synthesizing module 'mux4_1b' (17#1) [C:/Users/rrwth/OneDrive/Documents/College/ECE350/Checkpoints/processor/mux.v:26]
INFO: [Synth 8-6155] done synthesizing module 'mux8_1b' (18#1) [C:/Users/rrwth/OneDrive/Documents/College/ECE350/Checkpoints/processor/mux.v:48]
INFO: [Synth 8-6155] done synthesizing module 'processor' (19#1) [C:/Users/rrwth/OneDrive/Documents/College/ECE350/Checkpoints/processor/processor.v:20]
INFO: [Synth 8-6157] synthesizing module 'ROM' [C:/Users/rrwth/OneDrive/Documents/College/ECE350/Checkpoints/processor/ROM.v:2]
	Parameter DATA_WIDTH bound to: 32 - type: integer 
	Parameter ADDRESS_WIDTH bound to: 12 - type: integer 
	Parameter DEPTH bound to: 4096 - type: integer 
	Parameter MEMFILE bound to: 88'b0111000001110010011011110110011101110010011000010110110100101110011011010110010101101101 
INFO: [Synth 8-3876] $readmem data file 'program.mem' is read successfully [C:/Users/rrwth/OneDrive/Documents/College/ECE350/Checkpoints/processor/ROM.v:11]
INFO: [Synth 8-6155] done synthesizing module 'ROM' (20#1) [C:/Users/rrwth/OneDrive/Documents/College/ECE350/Checkpoints/processor/ROM.v:2]
INFO: [Synth 8-6157] synthesizing module 'ROM__parameterized0' [C:/Users/rrwth/OneDrive/Documents/College/ECE350/Checkpoints/processor/ROM.v:2]
	Parameter DATA_WIDTH bound to: 32 - type: integer 
	Parameter ADDRESS_WIDTH bound to: 12 - type: integer 
	Parameter DEPTH bound to: 4096 - type: integer 
	Parameter MEMFILE bound to: 48'b001100010100000100101110011011010110010101101101 
INFO: [Synth 8-3876] $readmem data file '1A.mem' is read successfully [C:/Users/rrwth/OneDrive/Documents/College/ECE350/Checkpoints/processor/ROM.v:11]
INFO: [Synth 8-6155] done synthesizing module 'ROM__parameterized0' (20#1) [C:/Users/rrwth/OneDrive/Documents/College/ECE350/Checkpoints/processor/ROM.v:2]
INFO: [Synth 8-6157] synthesizing module 'regfile' [C:/Users/rrwth/OneDrive/Documents/College/ECE350/Checkpoints/processor/regfile.v:1]
INFO: [Synth 8-6157] synthesizing module 'tristate32' [C:/Users/rrwth/OneDrive/Documents/College/ECE350/Checkpoints/processor/tristate.v:1]
INFO: [Synth 8-6155] done synthesizing module 'tristate32' (21#1) [C:/Users/rrwth/OneDrive/Documents/College/ECE350/Checkpoints/processor/tristate.v:1]
INFO: [Synth 8-6157] synthesizing module 'decoder32' [C:/Users/rrwth/OneDrive/Documents/College/ECE350/Checkpoints/processor/decoder.v:1]
INFO: [Synth 8-6155] done synthesizing module 'decoder32' (22#1) [C:/Users/rrwth/OneDrive/Documents/College/ECE350/Checkpoints/processor/decoder.v:1]
INFO: [Synth 8-6155] done synthesizing module 'regfile' (23#1) [C:/Users/rrwth/OneDrive/Documents/College/ECE350/Checkpoints/processor/regfile.v:1]
INFO: [Synth 8-6157] synthesizing module 'RAM' [C:/Users/rrwth/OneDrive/Documents/College/ECE350/Checkpoints/processor/RAM.v:2]
	Parameter DATA_WIDTH bound to: 32 - type: integer 
	Parameter ADDRESS_WIDTH bound to: 12 - type: integer 
	Parameter DEPTH bound to: 4096 - type: integer 
INFO: [Synth 8-6155] done synthesizing module 'RAM' (24#1) [C:/Users/rrwth/OneDrive/Documents/College/ECE350/Checkpoints/processor/RAM.v:2]
INFO: [Synth 8-6157] synthesizing module 'SDController' [C:/Users/rrwth/OneDrive/Documents/College/ECE350/Checkpoints/processor/SDController.v:8]
INFO: [Synth 8-6157] synthesizing module 'counter4' [C:/Users/rrwth/OneDrive/Documents/College/ECE350/Checkpoints/processor/counter.v:19]
INFO: [Synth 8-6155] done synthesizing module 'counter4' (25#1) [C:/Users/rrwth/OneDrive/Documents/College/ECE350/Checkpoints/processor/counter.v:19]
INFO: [Synth 8-6155] done synthesizing module 'SDController' (26#1) [C:/Users/rrwth/OneDrive/Documents/College/ECE350/Checkpoints/processor/SDController.v:8]
INFO: [Synth 8-6157] synthesizing module 'UART_simple' [C:/Users/rrwth/OneDrive/Documents/College/ECE350/Checkpoints/processor/uart2.v:3]
INFO: [Synth 8-6155] done synthesizing module 'UART_simple' (27#1) [C:/Users/rrwth/OneDrive/Documents/College/ECE350/Checkpoints/processor/uart2.v:3]
INFO: [Synth 8-6157] synthesizing module 'MemoryMap' [C:/Users/rrwth/OneDrive/Documents/College/ECE350/Checkpoints/processor/MemoryMap.v:1]
INFO: [Synth 8-155] case statement is not full and has no default [C:/Users/rrwth/OneDrive/Documents/College/ECE350/Checkpoints/processor/MemoryMap.v:26]
WARNING: [Synth 8-567] referenced signal 'SD_responseBuffer' should be on the sensitivity list [C:/Users/rrwth/OneDrive/Documents/College/ECE350/Checkpoints/processor/MemoryMap.v:40]
WARNING: [Synth 8-567] referenced signal 'SD_cmd_reg' should be on the sensitivity list [C:/Users/rrwth/OneDrive/Documents/College/ECE350/Checkpoints/processor/MemoryMap.v:40]
WARNING: [Synth 8-567] referenced signal 'SD_start' should be on the sensitivity list [C:/Users/rrwth/OneDrive/Documents/College/ECE350/Checkpoints/processor/MemoryMap.v:40]
WARNING: [Synth 8-567] referenced signal 'UART_lastByte' should be on the sensitivity list [C:/Users/rrwth/OneDrive/Documents/College/ECE350/Checkpoints/processor/MemoryMap.v:40]
WARNING: [Synth 8-567] referenced signal 'SD_response' should be on the sensitivity list [C:/Users/rrwth/OneDrive/Documents/College/ECE350/Checkpoints/processor/MemoryMap.v:66]
INFO: [Synth 8-6155] done synthesizing module 'MemoryMap' (28#1) [C:/Users/rrwth/OneDrive/Documents/College/ECE350/Checkpoints/processor/MemoryMap.v:1]
WARNING: [Synth 8-689] width (1) of port connection 'UART_addr' does not match port width (12) of module 'MemoryMap' [C:/Users/rrwth/OneDrive/Documents/College/ECE350/Checkpoints/processor/Wrapper.v:127]
WARNING: [Synth 8-4446] all outputs are unconnected for this instance and logic may be removed [C:/Users/rrwth/OneDrive/Documents/College/ECE350/Checkpoints/processor/Wrapper.v:137]
INFO: [Synth 8-6157] synthesizing module 'ila_1' [C:/Users/rrwth/OneDrive/Documents/College/ECE350/Checkpoints/processor/Vivado/Vivado.runs/synth_1/.Xil/Vivado-44160-DESKTOP-VN8895K/realtime/ila_1_stub.v:6]
INFO: [Synth 8-6155] done synthesizing module 'ila_1' (29#1) [C:/Users/rrwth/OneDrive/Documents/College/ECE350/Checkpoints/processor/Vivado/Vivado.runs/synth_1/.Xil/Vivado-44160-DESKTOP-VN8895K/realtime/ila_1_stub.v:6]
INFO: [Synth 8-6071] Mark debug on the nets applies keep_hierarchy on instance 'debugger'. This will prevent further optimization [C:/Users/rrwth/OneDrive/Documents/College/ECE350/Checkpoints/processor/Wrapper.v:137]
INFO: [Synth 8-6071] Mark debug on the nets applies keep_hierarchy on instance 'MemMap'. This will prevent further optimization [C:/Users/rrwth/OneDrive/Documents/College/ECE350/Checkpoints/processor/Wrapper.v:126]
INFO: [Synth 8-6071] Mark debug on the nets applies keep_hierarchy on instance 'ProcMem'. This will prevent further optimization [C:/Users/rrwth/OneDrive/Documents/College/ECE350/Checkpoints/processor/Wrapper.v:94]
INFO: [Synth 8-6071] Mark debug on the nets applies keep_hierarchy on instance 'RegisterFile'. This will prevent further optimization [C:/Users/rrwth/OneDrive/Documents/College/ECE350/Checkpoints/processor/Wrapper.v:86]
INFO: [Synth 8-6071] Mark debug on the nets applies keep_hierarchy on instance 'TASMem'. This will prevent further optimization [C:/Users/rrwth/OneDrive/Documents/College/ECE350/Checkpoints/processor/Wrapper.v:77]
INFO: [Synth 8-6071] Mark debug on the nets applies keep_hierarchy on instance 'InstMem'. This will prevent further optimization [C:/Users/rrwth/OneDrive/Documents/College/ECE350/Checkpoints/processor/Wrapper.v:71]
INFO: [Synth 8-6071] Mark debug on the nets applies keep_hierarchy on instance 'CPU'. This will prevent further optimization [C:/Users/rrwth/OneDrive/Documents/College/ECE350/Checkpoints/processor/Wrapper.v:50]
INFO: [Synth 8-6071] Mark debug on the nets applies keep_hierarchy on instance 'SerialModule'. This will prevent further optimization [C:/Users/rrwth/OneDrive/Documents/College/ECE350/Checkpoints/processor/Wrapper.v:124]
INFO: [Synth 8-6155] done synthesizing module 'Wrapper' (30#1) [C:/Users/rrwth/OneDrive/Documents/College/ECE350/Checkpoints/processor/Wrapper.v:27]
---------------------------------------------------------------------------------
Finished RTL Elaboration : Time (s): cpu = 00:00:06 ; elapsed = 00:00:06 . Memory (MB): peak = 1013.113 ; gain = 0.000
---------------------------------------------------------------------------------
---------------------------------------------------------------------------------
Start Handling Custom Attributes
---------------------------------------------------------------------------------
---------------------------------------------------------------------------------
Finished Handling Custom Attributes : Time (s): cpu = 00:00:07 ; elapsed = 00:00:07 . Memory (MB): peak = 1013.113 ; gain = 0.000
---------------------------------------------------------------------------------
---------------------------------------------------------------------------------
Finished RTL Optimization Phase 1 : Time (s): cpu = 00:00:07 ; elapsed = 00:00:07 . Memory (MB): peak = 1013.113 ; gain = 0.000
---------------------------------------------------------------------------------
Netlist sorting complete. Time (s): cpu = 00:00:01 ; elapsed = 00:00:00.137 . Memory (MB): peak = 1013.113 ; gain = 0.000
INFO: [Project 1-570] Preparing netlist for logic optimization

Processing XDC Constraints
Initializing timing engine
Parsing XDC File [c:/Users/rrwth/OneDrive/Documents/College/ECE350/Checkpoints/processor/Vivado/Vivado.srcs/sources_1/ip/ila_1/ila_1/ila_1_in_context.xdc] for cell 'debugger'
Finished Parsing XDC File [c:/Users/rrwth/OneDrive/Documents/College/ECE350/Checkpoints/processor/Vivado/Vivado.srcs/sources_1/ip/ila_1/ila_1/ila_1_in_context.xdc] for cell 'debugger'
Parsing XDC File [C:/Users/rrwth/OneDrive/Documents/College/ECE350/Checkpoints/processor/constraints.xdc]
Finished Parsing XDC File [C:/Users/rrwth/OneDrive/Documents/College/ECE350/Checkpoints/processor/constraints.xdc]
INFO: [Project 1-236] Implementation specific constraints were found while reading constraint file [C:/Users/rrwth/OneDrive/Documents/College/ECE350/Checkpoints/processor/constraints.xdc]. These constraints will be ignored for synthesis but will be used in implementation. Impacted constraints are listed in the file [.Xil/Wrapper_propImpl.xdc].
Resolution: To avoid this warning, move constraints listed in [.Xil/Wrapper_propImpl.xdc] to another XDC file and exclude this new file from synthesis with the used_in_synthesis property (File Properties dialog in GUI) and re-run elaboration/synthesis.
Completed Processing XDC Constraints

Netlist sorting complete. Time (s): cpu = 00:00:00 ; elapsed = 00:00:00.007 . Memory (MB): peak = 1079.105 ; gain = 0.000
INFO: [Project 1-111] Unisim Transformation Summary:
No Unisim elements were transformed.

Constraint Validation Runtime : Time (s): cpu = 00:00:00 ; elapsed = 00:00:00.027 . Memory (MB): peak = 1079.105 ; gain = 0.000
---------------------------------------------------------------------------------
Finished Constraint Validation : Time (s): cpu = 00:00:15 ; elapsed = 00:00:15 . Memory (MB): peak = 1079.105 ; gain = 65.992
---------------------------------------------------------------------------------
---------------------------------------------------------------------------------
Start Loading Part and Timing Information
---------------------------------------------------------------------------------
Loading part: xc7a100tcsg324-1
---------------------------------------------------------------------------------
Finished Loading Part and Timing Information : Time (s): cpu = 00:00:15 ; elapsed = 00:00:15 . Memory (MB): peak = 1079.105 ; gain = 65.992
---------------------------------------------------------------------------------
---------------------------------------------------------------------------------
Start Applying 'set_property' XDC Constraints
---------------------------------------------------------------------------------
Applied set_property DONT_TOUCH = true for debugger. (constraint file  auto generated constraint, line ).
---------------------------------------------------------------------------------
Finished applying 'set_property' XDC Constraints : Time (s): cpu = 00:00:15 ; elapsed = 00:00:15 . Memory (MB): peak = 1079.105 ; gain = 65.992
---------------------------------------------------------------------------------
---------------------------------------------------------------------------------
Finished RTL Optimization Phase 2 : Time (s): cpu = 00:00:16 ; elapsed = 00:00:17 . Memory (MB): peak = 1079.105 ; gain = 65.992
---------------------------------------------------------------------------------
---------------------------------------------------------------------------------
Start RTL Component Statistics 
---------------------------------------------------------------------------------
Detailed RTL Component Info : 
+---Adders : 
	   2 Input   12 Bit       Adders := 1     
	   2 Input    8 Bit       Adders := 1     
	   2 Input    4 Bit       Adders := 1     
+---XORs : 
	   3 Input      1 Bit         XORs := 129   
	   2 Input      1 Bit         XORs := 4     
+---Registers : 
	               48 Bit    Registers := 2     
	               32 Bit    Registers := 2     
	               22 Bit    Registers := 1     
	                8 Bit    Registers := 5     
	                4 Bit    Registers := 1     
	                1 Bit    Registers := 1514  
+---RAMs : 
	             128K Bit	(4096 X 32 bit)          RAMs := 1     
+---ROMs : 
	                    ROMs := 1     
+---Muxes : 
	   2 Input   48 Bit        Muxes := 1     
	   5 Input   48 Bit        Muxes := 1     
	   2 Input   32 Bit        Muxes := 51    
	 407 Input   32 Bit        Muxes := 1     
	   2 Input   12 Bit        Muxes := 1     
	   2 Input    5 Bit        Muxes := 8     
	   3 Input    5 Bit        Muxes := 1     
	   3 Input    2 Bit        Muxes := 1     
	   2 Input    1 Bit        Muxes := 18    
	   4 Input    1 Bit        Muxes := 2     
---------------------------------------------------------------------------------
Finished RTL Component Statistics 
---------------------------------------------------------------------------------
---------------------------------------------------------------------------------
Start Part Resource Summary
---------------------------------------------------------------------------------
Part Resources:
DSPs: 240 (col length:80)
BRAMs: 270 (col length: RAMB18 80 RAMB36 40)
---------------------------------------------------------------------------------
Finished Part Resource Summary
---------------------------------------------------------------------------------
---------------------------------------------------------------------------------
Start Cross Boundary and Area Optimization
---------------------------------------------------------------------------------
---------------------------------------------------------------------------------
Finished Cross Boundary and Area Optimization : Time (s): cpu = 00:00:47 ; elapsed = 00:00:48 . Memory (MB): peak = 1079.105 ; gain = 65.992
---------------------------------------------------------------------------------
---------------------------------------------------------------------------------
Start ROM, RAM, DSP and Shift Register Reporting
---------------------------------------------------------------------------------

ROM: Preliminary Mapping	Report
+------------+-------------+---------------+----------------+
|Module Name | RTL Object  | Depth x Width | Implemented As | 
+------------+-------------+---------------+----------------+
|ROM         | dataOut_reg | 4096x22       | Block RAM      | 
+------------+-------------+---------------+----------------+


Block RAM: Preliminary Mapping	Report (see note below)
+------------+-----------------+------------------------+---+---+------------------------+---+---+------------------+--------+--------+
|Module Name | RTL Object      | PORT A (Depth x Width) | W | R | PORT B (Depth x Width) | W | R | Ports driving FF | RAMB18 | RAMB36 | 
+------------+-----------------+------------------------+---+---+------------------------+---+---+------------------+--------+--------+
|ProcMem     | MemoryArray_reg | 4 K x 32(NO_CHANGE)    | W | R |                        |   |   | Port A           | 0      | 4      | 
+------------+-----------------+------------------------+---+---+------------------------+---+---+------------------+--------+--------+

Note: The table above is a preliminary report that shows the Block RAMs at the current stage of the synthesis flow. Some Block RAMs may be reimplemented as non Block RAM primitives later in the synthesis flow. Multiple instantiated Block RAMs are reported only once. 
---------------------------------------------------------------------------------
Finished ROM, RAM, DSP and Shift Register Reporting
---------------------------------------------------------------------------------
---------------------------------------------------------------------------------
Start Applying XDC Timing Constraints
---------------------------------------------------------------------------------
---------------------------------------------------------------------------------
Finished Applying XDC Timing Constraints : Time (s): cpu = 00:00:55 ; elapsed = 00:00:56 . Memory (MB): peak = 1079.105 ; gain = 65.992
---------------------------------------------------------------------------------
---------------------------------------------------------------------------------
Start Timing Optimization
---------------------------------------------------------------------------------
---------------------------------------------------------------------------------
Finished Timing Optimization : Time (s): cpu = 00:00:56 ; elapsed = 00:00:57 . Memory (MB): peak = 1084.785 ; gain = 71.672
---------------------------------------------------------------------------------
---------------------------------------------------------------------------------
Start ROM, RAM, DSP and Shift Register Reporting
---------------------------------------------------------------------------------

Block RAM: Final Mapping	Report
+------------+-----------------+------------------------+---+---+------------------------+---+---+------------------+--------+--------+
|Module Name | RTL Object      | PORT A (Depth x Width) | W | R | PORT B (Depth x Width) | W | R | Ports driving FF | RAMB18 | RAMB36 | 
+------------+-----------------+------------------------+---+---+------------------------+---+---+------------------+--------+--------+
|ProcMem     | MemoryArray_reg | 4 K x 32(NO_CHANGE)    | W | R |                        |   |   | Port A           | 0      | 4      | 
+------------+-----------------+------------------------+---+---+------------------------+---+---+------------------+--------+--------+

---------------------------------------------------------------------------------
Finished ROM, RAM, DSP and Shift Register Reporting
---------------------------------------------------------------------------------
---------------------------------------------------------------------------------
Start Technology Mapping
---------------------------------------------------------------------------------
INFO: [Synth 8-7052] The timing for the instance InstMem/dataOut_reg_0 (implemented as a Block RAM) might be sub-optimal as no optional output register could be merged into the ram block. Providing additional output register may help in improving timing.
INFO: [Synth 8-7052] The timing for the instance InstMem/dataOut_reg_1 (implemented as a Block RAM) might be sub-optimal as no optional output register could be merged into the ram block. Providing additional output register may help in improving timing.
INFO: [Synth 8-7052] The timing for the instance InstMem/dataOut_reg_2 (implemented as a Block RAM) might be sub-optimal as no optional output register could be merged into the ram block. Providing additional output register may help in improving timing.
INFO: [Synth 8-7052] The timing for the instance ProcMem/MemoryArray_reg_0 (implemented as a Block RAM) might be sub-optimal as no optional output register could be merged into the ram block. Providing additional output register may help in improving timing.
INFO: [Synth 8-7052] The timing for the instance ProcMem/MemoryArray_reg_1 (implemented as a Block RAM) might be sub-optimal as no optional output register could be merged into the ram block. Providing additional output register may help in improving timing.
INFO: [Synth 8-7052] The timing for the instance ProcMem/MemoryArray_reg_2 (implemented as a Block RAM) might be sub-optimal as no optional output register could be merged into the ram block. Providing additional output register may help in improving timing.
INFO: [Synth 8-7052] The timing for the instance ProcMem/MemoryArray_reg_3 (implemented as a Block RAM) might be sub-optimal as no optional output register could be merged into the ram block. Providing additional output register may help in improving timing.
---------------------------------------------------------------------------------
Finished Technology Mapping : Time (s): cpu = 00:00:59 ; elapsed = 00:01:00 . Memory (MB): peak = 1159.398 ; gain = 146.285
---------------------------------------------------------------------------------
---------------------------------------------------------------------------------
Start IO Insertion
---------------------------------------------------------------------------------
---------------------------------------------------------------------------------
Start Flattening Before IO Insertion
---------------------------------------------------------------------------------
---------------------------------------------------------------------------------
Finished Flattening Before IO Insertion
---------------------------------------------------------------------------------
---------------------------------------------------------------------------------
Start Final Netlist Cleanup
---------------------------------------------------------------------------------
---------------------------------------------------------------------------------
Finished Final Netlist Cleanup
---------------------------------------------------------------------------------
WARNING: [Synth 8-3295] tying undriven pin UART_writeAddr_inferred:in0 to constant 0
WARNING: [Synth 8-5396] Clock pin CLKARDCLK has keep related attribute (keep/mark_debug/dont_touch) which could create extra logic on its net [C:/Users/rrwth/OneDrive/Documents/College/ECE350/Checkpoints/processor/RAM.v:26]
---------------------------------------------------------------------------------
Finished IO Insertion : Time (s): cpu = 00:01:03 ; elapsed = 00:01:04 . Memory (MB): peak = 1164.160 ; gain = 151.047
---------------------------------------------------------------------------------
---------------------------------------------------------------------------------
Start Renaming Generated Instances
---------------------------------------------------------------------------------
---------------------------------------------------------------------------------
Finished Renaming Generated Instances : Time (s): cpu = 00:01:03 ; elapsed = 00:01:04 . Memory (MB): peak = 1164.160 ; gain = 151.047
---------------------------------------------------------------------------------
---------------------------------------------------------------------------------
Start Rebuilding User Hierarchy
---------------------------------------------------------------------------------
---------------------------------------------------------------------------------
Finished Rebuilding User Hierarchy : Time (s): cpu = 00:01:03 ; elapsed = 00:01:05 . Memory (MB): peak = 1164.160 ; gain = 151.047
---------------------------------------------------------------------------------
---------------------------------------------------------------------------------
Start Renaming Generated Ports
---------------------------------------------------------------------------------
---------------------------------------------------------------------------------
Finished Renaming Generated Ports : Time (s): cpu = 00:01:04 ; elapsed = 00:01:05 . Memory (MB): peak = 1164.160 ; gain = 151.047
---------------------------------------------------------------------------------
---------------------------------------------------------------------------------
Start Handling Custom Attributes
---------------------------------------------------------------------------------
---------------------------------------------------------------------------------
Finished Handling Custom Attributes : Time (s): cpu = 00:01:04 ; elapsed = 00:01:05 . Memory (MB): peak = 1164.238 ; gain = 151.125
---------------------------------------------------------------------------------
---------------------------------------------------------------------------------
Start Renaming Generated Nets
---------------------------------------------------------------------------------
---------------------------------------------------------------------------------
Finished Renaming Generated Nets : Time (s): cpu = 00:01:04 ; elapsed = 00:01:05 . Memory (MB): peak = 1164.238 ; gain = 151.125
---------------------------------------------------------------------------------
---------------------------------------------------------------------------------
Start Writing Synthesis Report
---------------------------------------------------------------------------------

Report BlackBoxes: 
+------+--------------+----------+
|      |BlackBox name |Instances |
+------+--------------+----------+
|1     |ila_1         |         1|
+------+--------------+----------+

Report Cell Usage: 
+------+---------+------+
|      |Cell     |Count |
+------+---------+------+
|1     |ila      |     1|
|2     |BUFG     |     3|
|3     |CARRY4   |     6|
|4     |LUT1     |    83|
|5     |LUT2     |   308|
|6     |LUT3     |   332|
|7     |LUT4     |   329|
|8     |LUT5     |   544|
|9     |LUT6     |  1715|
|10    |MUXF7    |    51|
|11    |MUXF8    |     1|
|12    |RAMB36E1 |     7|
|16    |FDCE     |  1394|
|17    |FDRE     |   228|
|18    |FDSE     |    14|
|19    |IBUF     |     9|
|20    |OBUF     |    37|
+------+---------+------+
---------------------------------------------------------------------------------
Finished Writing Synthesis Report : Time (s): cpu = 00:01:04 ; elapsed = 00:01:05 . Memory (MB): peak = 1164.238 ; gain = 151.125
---------------------------------------------------------------------------------
Synthesis finished with 0 errors, 0 critical warnings and 2 warnings.
Synthesis Optimization Runtime : Time (s): cpu = 00:00:54 ; elapsed = 00:01:02 . Memory (MB): peak = 1164.238 ; gain = 85.133
Synthesis Optimization Complete : Time (s): cpu = 00:01:04 ; elapsed = 00:01:05 . Memory (MB): peak = 1164.238 ; gain = 151.125
INFO: [Project 1-571] Translating synthesized netlist
Netlist sorting complete. Time (s): cpu = 00:00:00 ; elapsed = 00:00:00.126 . Memory (MB): peak = 1176.262 ; gain = 0.000
INFO: [Netlist 29-17] Analyzing 65 Unisim elements for replacement
INFO: [Netlist 29-28] Unisim Transformation completed in 0 CPU seconds
INFO: [Project 1-570] Preparing netlist for logic optimization
INFO: [Opt 31-138] Pushed 0 inverter(s) to 0 load pin(s).
Netlist sorting complete. Time (s): cpu = 00:00:00 ; elapsed = 00:00:00.006 . Memory (MB): peak = 1176.262 ; gain = 0.000
INFO: [Project 1-111] Unisim Transformation Summary:
No Unisim elements were transformed.

INFO: [Common 17-83] Releasing license: Synthesis
95 Infos, 20 Warnings, 0 Critical Warnings and 0 Errors encountered.
synth_design completed successfully
synth_design: Time (s): cpu = 00:01:10 ; elapsed = 00:01:14 . Memory (MB): peak = 1176.262 ; gain = 163.148
INFO: [Common 17-600] The following parameters have non-default value.
tcl.collectionResultDisplayLimit
INFO: [Common 17-1381] The checkpoint 'C:/Users/rrwth/OneDrive/Documents/College/ECE350/Checkpoints/processor/Vivado/Vivado.runs/synth_1/Wrapper.dcp' has been generated.
INFO: [runtcl-4] Executing : report_utilization -file Wrapper_utilization_synth.rpt -pb Wrapper_utilization_synth.pb
INFO: [Common 17-206] Exiting Vivado at Tue Apr 25 15:24:50 2023...
